<?xml version="1.0" encoding="UTF-8"?>
<!-- Generated by org.testng.reporters.JUnitXMLReporter -->
<testsuite ignored="0" hostname="Doaa-Mohamed-E7470" failures="0" tests="2" name="Surefire test" time="28.769" errors="0" timestamp="2023-09-26T12:19:37 EEST">
  <testcase classname="io.cucumber.testng.AbstractTestNGCucumberTests" name="runScenario" time="14.763"/>
  <testcase classname="io.cucumber.testng.AbstractTestNGCucumberTests" name="runScenario" time="12.473"/>
</testsuite> <!-- Surefire test -->
